TN:
SF:src\services\slices\constructorSlice.ts
FN:28,reducer
FN:35,prepare
FN:42,removeItems
FN:53,clearOrder
FN:60,moveItems
FNF:5
FNH:4
FNDA:4,reducer
FNDA:4,prepare
FNDA:3,removeItems
FNDA:0,clearOrder
FNDA:2,moveItems
DA:1,1
DA:2,1
DA:3,1
DA:4,1
DA:5,1
DA:6,1
DA:7,1
DA:8,1
DA:9,1
DA:10,1
DA:11,1
DA:12,1
DA:13,1
DA:14,1
DA:15,1
DA:16,1
DA:17,1
DA:18,1
DA:19,1
DA:20,1
DA:21,1
DA:22,1
DA:23,1
DA:24,1
DA:25,1
DA:26,1
DA:27,1
DA:28,1
DA:29,4
DA:30,0
DA:31,4
DA:32,4
DA:33,4
DA:34,1
DA:35,1
DA:36,1
DA:37,1
DA:38,1
DA:39,1
DA:40,1
DA:41,1
DA:42,1
DA:43,3
DA:44,3
DA:45,3
DA:46,3
DA:47,3
DA:48,3
DA:49,2
DA:50,2
DA:51,3
DA:52,1
DA:53,1
DA:54,0
DA:55,0
DA:56,1
DA:57,1
DA:58,1
DA:59,1
DA:60,1
DA:61,2
DA:62,2
DA:63,2
DA:64,2
DA:65,2
DA:66,2
DA:67,2
DA:68,2
DA:69,0
DA:70,0
DA:71,2
DA:72,2
DA:73,2
DA:74,2
DA:75,2
DA:76,2
DA:77,2
DA:78,1
DA:79,1
DA:80,1
DA:81,1
DA:82,1
DA:83,1
LF:83
LH:78
BRDA:28,0,0,4
BRDA:29,1,0,0
BRDA:35,2,0,4
BRDA:42,3,0,3
BRDA:48,4,0,2
BRDA:46,5,0,4
BRDA:60,6,0,2
BRDA:66,7,0,1
BRDA:66,8,0,1
BRDA:68,9,0,0
BRF:10
BRH:8
end_of_record
